<?xml version="1.0" encoding="UTF-8"?>
<testng-results ignored="0" total="1" passed="1" failed="0" skipped="0">
  <reporter-output>
  </reporter-output>
  <suite started-at="2025-08-25T13:17:02 IST" name="Default suite" finished-at="2025-08-25T13:17:08 IST" duration-ms="6743">
    <groups>
    </groups>
    <test started-at="2025-08-25T13:17:02 IST" name="Default test" finished-at="2025-08-25T13:17:08 IST" duration-ms="6743">
      <class name="tests.loginTest">
        <test-method is-config="true" signature="setUp()[pri:0, instance:tests.loginTest@3e6ef8ad]" started-at="2025-08-25T13:17:02 IST" name="setUp" finished-at="2025-08-25T13:17:07 IST" duration-ms="5811" status="PASS">
          <reporter-output>
          </reporter-output>
        </test-method> <!-- setUp -->
        <test-method signature="validLogin()[pri:0, instance:tests.loginTest@3e6ef8ad]" started-at="2025-08-25T13:17:07 IST" name="validLogin" finished-at="2025-08-25T13:17:08 IST" duration-ms="665" status="PASS">
          <reporter-output>
          </reporter-output>
        </test-method> <!-- validLogin -->
        <test-method is-config="true" signature="tearDown()[pri:0, instance:tests.loginTest@3e6ef8ad]" started-at="2025-08-25T13:17:08 IST" name="tearDown" finished-at="2025-08-25T13:17:08 IST" duration-ms="228" status="PASS">
          <reporter-output>
          </reporter-output>
        </test-method> <!-- tearDown -->
      </class> <!-- tests.loginTest -->
    </test> <!-- Default test -->
  </suite> <!-- Default suite -->
</testng-results>
