<?xml version="1.0" encoding="UTF-8"?>
<testng-results ignored="0" total="2" passed="2" failed="0" skipped="0">
  <reporter-output>
  </reporter-output>
  <suite started-at="2025-08-01T14:24:18 IST" name="ParallelTestSuite" finished-at="2025-08-01T14:24:26 IST" duration-ms="8038">
    <groups>
    </groups>
    <test started-at="2025-08-01T14:24:18 IST" name="ParallelTests" finished-at="2025-08-01T14:24:26 IST" duration-ms="8038">
      <class name="tests.loginTest">
        <test-method is-config="true" signature="setUp()[pri:0, instance:tests.loginTest@62e7f11d]" started-at="2025-08-01T14:24:18 IST" name="setUp" finished-at="2025-08-01T14:24:25 IST" duration-ms="6865" status="PASS">
          <reporter-output>
          </reporter-output>
        </test-method> <!-- setUp -->
        <test-method signature="validLogin()[pri:0, instance:tests.loginTest@62e7f11d]" started-at="2025-08-01T14:24:25 IST" name="validLogin" finished-at="2025-08-01T14:24:26 IST" duration-ms="634" status="PASS">
          <reporter-output>
          </reporter-output>
        </test-method> <!-- validLogin -->
        <test-method is-config="true" signature="tearDown()[pri:0, instance:tests.loginTest@62e7f11d]" started-at="2025-08-01T14:24:26 IST" name="tearDown" finished-at="2025-08-01T14:24:26 IST" duration-ms="149" status="PASS">
          <reporter-output>
          </reporter-output>
        </test-method> <!-- tearDown -->
      </class> <!-- tests.loginTest -->
      <class name="tests.loginTest2">
        <test-method is-config="true" signature="setUp()[pri:0, instance:tests.loginTest2@649bec2e]" started-at="2025-08-01T14:24:18 IST" name="setUp" finished-at="2025-08-01T14:24:25 IST" duration-ms="7176" status="PASS">
          <reporter-output>
          </reporter-output>
        </test-method> <!-- setUp -->
        <test-method signature="invalidLogin()[pri:0, instance:tests.loginTest2@649bec2e]" started-at="2025-08-01T14:24:25 IST" name="invalidLogin" finished-at="2025-08-01T14:24:26 IST" duration-ms="684" status="PASS">
          <reporter-output>
          </reporter-output>
        </test-method> <!-- invalidLogin -->
        <test-method is-config="true" signature="tearDown()[pri:0, instance:tests.loginTest2@649bec2e]" started-at="2025-08-01T14:24:26 IST" name="tearDown" finished-at="2025-08-01T14:24:26 IST" duration-ms="139" status="PASS">
          <reporter-output>
          </reporter-output>
        </test-method> <!-- tearDown -->
      </class> <!-- tests.loginTest2 -->
    </test> <!-- ParallelTests -->
  </suite> <!-- ParallelTestSuite -->
</testng-results>
